To honour the JVM settings for this build a single-use Daemon process will be forked. For more on this, please refer to https://docs.gradle.org/8.10.2/userguide/gradle_daemon.html#sec:disabling_the_daemon in the Gradle documentation.
Daemon will be stopped at the end of the build 
> Task :gradle-plugin:settings-plugin:checkKotlinGradlePluginConfigurationErrors
> Task :gradle-plugin:shared:checkKotlinGradlePluginConfigurationErrors
> Task :gradle-plugin:shared:compileKotlin UP-TO-DATE
> Task :gradle-plugin:shared:compileJava NO-SOURCE
> Task :gradle-plugin:shared:processResources NO-SOURCE
> Task :gradle-plugin:shared:classes UP-TO-DATE
> Task :gradle-plugin:shared:jar UP-TO-DATE
> Task :gradle-plugin:settings-plugin:compileKotlin UP-TO-DATE
> Task :gradle-plugin:settings-plugin:compileJava NO-SOURCE
> Task :gradle-plugin:settings-plugin:pluginDescriptors UP-TO-DATE
> Task :gradle-plugin:settings-plugin:processResources UP-TO-DATE
> Task :gradle-plugin:settings-plugin:classes UP-TO-DATE
> Task :gradle-plugin:settings-plugin:jar UP-TO-DATE
> Task :gradle-plugin:react-native-gradle-plugin:checkKotlinGradlePluginConfigurationErrors
> Task :expo-dev-launcher-gradle-plugin:checkKotlinGradlePluginConfigurationErrors
> Task :expo-dev-launcher-gradle-plugin:pluginDescriptors UP-TO-DATE
> Task :expo-dev-launcher-gradle-plugin:processResources UP-TO-DATE
> Task :gradle-plugin:react-native-gradle-plugin:compileKotlin UP-TO-DATE
> Task :gradle-plugin:react-native-gradle-plugin:compileJava NO-SOURCE
> Task :gradle-plugin:react-native-gradle-plugin:pluginDescriptors UP-TO-DATE
> Task :gradle-plugin:react-native-gradle-plugin:processResources UP-TO-DATE
> Task :gradle-plugin:react-native-gradle-plugin:classes UP-TO-DATE
> Task :gradle-plugin:react-native-gradle-plugin:jar UP-TO-DATE
> Task :expo-dev-launcher-gradle-plugin:compileKotlin UP-TO-DATE
> Task :expo-dev-launcher-gradle-plugin:compileJava NO-SOURCE
> Task :expo-dev-launcher-gradle-plugin:classes UP-TO-DATE
> Task :expo-dev-launcher-gradle-plugin:jar UP-TO-DATE

> Configure project :app
 â„¹ï¸  [33mApplying gradle plugin[0m '[32mexpo-dev-launcher-gradle-plugin[0m' (expo-dev-launcher@5.0.35)

> Configure project :expo

Using expo modules
  - [32mexpo-asset[0m (11.0.5)
  - [32mexpo-constants[0m (17.0.8)
  - [32mexpo-contacts[0m (14.0.5)
  - [32mexpo-dev-client[0m (5.0.20)
  - [32mexpo-dev-launcher[0m (5.0.35)
  - [32mexpo-dev-menu[0m (6.0.25)
  - [32mexpo-file-system[0m (18.0.12)
  - [32mexpo-font[0m (13.0.4)
  - [32mexpo-image-loader[0m (5.0.0)
  - [32mexpo-image-picker[0m (16.0.6)
  - [32mexpo-json-utils[0m (0.14.0)
  - [32mexpo-manifests[0m (0.15.8)
  - [32mexpo-modules-core[0m (2.2.3)
  - [32mexpo-sqlite[0m (15.1.4)


> Configure project :react-native-iap
[NitroModules] ðŸ”¥ NitroIap is boosted by nitro!

> Configure project :react-native-reanimated
Android gradle plugin: 8.6.0
Gradle: 8.10.2

> Task :app:generateAutolinkingPackageList UP-TO-DATE
> Task :app:generateCodegenSchemaFromJavaScript SKIPPED
> Task :app:generateCodegenArtifactsFromSchema SKIPPED
> Task :app:preBuild UP-TO-DATE
> Task :app:preDebugBuild UP-TO-DATE
> Task :app:mergeDebugNativeDebugMetadata NO-SOURCE
> Task :app:checkKotlinGradlePluginConfigurationErrors
> Task :app:generateDebugBuildConfig UP-TO-DATE
> Task :expo:generateExpoModulesPackageListTask UP-TO-DATE
> Task :expo:preBuild UP-TO-DATE
> Task :expo:preDebugBuild UP-TO-DATE
> Task :expo:writeDebugAarMetadata UP-TO-DATE
> Task :expo-asset:preBuild UP-TO-DATE
> Task :expo-asset:preDebugBuild UP-TO-DATE
> Task :expo-asset:writeDebugAarMetadata UP-TO-DATE

> Task :expo-constants:createExpoConfig

> Task :expo-constants:preBuild
> Task :expo-constants:preDebugBuild
> Task :expo-constants:writeDebugAarMetadata UP-TO-DATE
> Task :expo-contacts:preBuild UP-TO-DATE
> Task :expo-contacts:preDebugBuild UP-TO-DATE
> Task :expo-contacts:writeDebugAarMetadata UP-TO-DATE
> Task :expo-dev-client:preBuild UP-TO-DATE
> Task :expo-dev-client:preDebugBuild UP-TO-DATE
> Task :expo-dev-client:writeDebugAarMetadata UP-TO-DATE
> Task :expo-dev-launcher:preBuild UP-TO-DATE
> Task :expo-dev-launcher:preDebugBuild UP-TO-DATE
> Task :expo-dev-launcher:writeDebugAarMetadata UP-TO-DATE
> Task :expo-dev-menu:preBuild UP-TO-DATE
> Task :expo-dev-menu:preDebugBuild UP-TO-DATE
> Task :expo-dev-menu:writeDebugAarMetadata UP-TO-DATE
> Task :expo-dev-menu-interface:preBuild UP-TO-DATE
> Task :expo-dev-menu-interface:preDebugBuild UP-TO-DATE
> Task :expo-dev-menu-interface:writeDebugAarMetadata UP-TO-DATE
> Task :expo-file-system:preBuild UP-TO-DATE
> Task :expo-file-system:preDebugBuild UP-TO-DATE
> Task :expo-file-system:writeDebugAarMetadata UP-TO-DATE
> Task :expo-font:preBuild UP-TO-DATE
> Task :expo-font:preDebugBuild UP-TO-DATE
> Task :expo-font:writeDebugAarMetadata UP-TO-DATE
> Task :expo-image-loader:preBuild UP-TO-DATE
> Task :expo-image-loader:preDebugBuild UP-TO-DATE
> Task :expo-image-loader:writeDebugAarMetadata UP-TO-DATE
> Task :expo-image-picker:preBuild UP-TO-DATE
> Task :expo-image-picker:preDebugBuild UP-TO-DATE
> Task :expo-image-picker:writeDebugAarMetadata UP-TO-DATE
> Task :expo-json-utils:preBuild UP-TO-DATE
> Task :expo-json-utils:preDebugBuild UP-TO-DATE
> Task :expo-json-utils:writeDebugAarMetadata UP-TO-DATE
> Task :expo-manifests:preBuild UP-TO-DATE
> Task :expo-manifests:preDebugBuild UP-TO-DATE
> Task :expo-manifests:writeDebugAarMetadata UP-TO-DATE
> Task :expo-modules-core:preBuild UP-TO-DATE
> Task :expo-modules-core:preDebugBuild UP-TO-DATE
> Task :expo-modules-core:writeDebugAarMetadata UP-TO-DATE
> Task :expo-sqlite:preBuild UP-TO-DATE
> Task :expo-sqlite:preDebugBuild UP-TO-DATE
> Task :expo-sqlite:writeDebugAarMetadata UP-TO-DATE
> Task :expo-updates-interface:preBuild UP-TO-DATE
> Task :expo-updates-interface:preDebugBuild UP-TO-DATE
> Task :expo-updates-interface:writeDebugAarMetadata UP-TO-DATE
> Task :react-native-async-storage_async-storage:preBuild UP-TO-DATE
> Task :react-native-async-storage_async-storage:preDebugBuild UP-TO-DATE
> Task :react-native-async-storage_async-storage:writeDebugAarMetadata UP-TO-DATE
> Task :react-native-gesture-handler:preBuild UP-TO-DATE
> Task :react-native-gesture-handler:preDebugBuild UP-TO-DATE
> Task :react-native-gesture-handler:writeDebugAarMetadata UP-TO-DATE
> Task :react-native-iap:preBuild UP-TO-DATE
> Task :react-native-iap:preDebugBuild UP-TO-DATE
> Task :react-native-iap:writeDebugAarMetadata UP-TO-DATE
> Task :react-native-reanimated:assertLatestReactNativeWithNewArchitectureTask SKIPPED
> Task :react-native-reanimated:assertMinimalReactNativeVersionTask SKIPPED
> Task :react-native-reanimated:prepareReanimatedHeadersForPrefabs UP-TO-DATE
> Task :react-native-reanimated:prepareWorkletsHeadersForPrefabs UP-TO-DATE
> Task :react-native-reanimated:preBuild UP-TO-DATE
> Task :react-native-reanimated:preDebugBuild UP-TO-DATE
> Task :react-native-reanimated:writeDebugAarMetadata UP-TO-DATE
> Task :react-native-safe-area-context:preBuild UP-TO-DATE
> Task :react-native-safe-area-context:preDebugBuild UP-TO-DATE
> Task :react-native-safe-area-context:writeDebugAarMetadata UP-TO-DATE
> Task :react-native-screens:preBuild UP-TO-DATE
> Task :react-native-screens:preDebugBuild UP-TO-DATE
> Task :react-native-screens:writeDebugAarMetadata UP-TO-DATE
> Task :react-native-svg:preBuild UP-TO-DATE
> Task :react-native-svg:preDebugBuild UP-TO-DATE
> Task :react-native-svg:writeDebugAarMetadata UP-TO-DATE
> Task :app:checkDebugAarMetadata UP-TO-DATE
> Task :app:generateDebugResValues UP-TO-DATE
> Task :expo:generateDebugResValues UP-TO-DATE
> Task :expo:generateDebugResources UP-TO-DATE
> Task :expo:packageDebugResources UP-TO-DATE
> Task :expo-asset:generateDebugResValues UP-TO-DATE
> Task :expo-asset:generateDebugResources UP-TO-DATE
> Task :expo-asset:packageDebugResources UP-TO-DATE
> Task :expo-constants:generateDebugResValues UP-TO-DATE
> Task :expo-constants:generateDebugResources UP-TO-DATE
> Task :expo-constants:packageDebugResources UP-TO-DATE
> Task :expo-contacts:generateDebugResValues UP-TO-DATE
> Task :expo-contacts:generateDebugResources UP-TO-DATE
> Task :expo-contacts:packageDebugResources UP-TO-DATE
> Task :expo-dev-client:generateDebugResValues UP-TO-DATE
> Task :expo-dev-client:generateDebugResources UP-TO-DATE
> Task :expo-dev-client:packageDebugResources UP-TO-DATE
> Task :expo-dev-launcher:generateDebugResValues UP-TO-DATE
> Task :expo-dev-launcher:generateDebugResources UP-TO-DATE
> Task :expo-dev-launcher:packageDebugResources UP-TO-DATE
> Task :expo-dev-menu:generateDebugResValues UP-TO-DATE
> Task :expo-dev-menu:generateDebugResources UP-TO-DATE
> Task :expo-dev-menu:packageDebugResources UP-TO-DATE
> Task :expo-dev-menu-interface:generateDebugResValues UP-TO-DATE
> Task :expo-dev-menu-interface:generateDebugResources UP-TO-DATE
> Task :expo-dev-menu-interface:packageDebugResources UP-TO-DATE
> Task :expo-file-system:generateDebugResValues UP-TO-DATE
> Task :expo-file-system:generateDebugResources UP-TO-DATE
> Task :expo-file-system:packageDebugResources UP-TO-DATE
> Task :expo-font:generateDebugResValues UP-TO-DATE
> Task :expo-font:generateDebugResources UP-TO-DATE
> Task :expo-font:packageDebugResources UP-TO-DATE
> Task :expo-image-loader:generateDebugResValues UP-TO-DATE
> Task :expo-image-loader:generateDebugResources UP-TO-DATE
> Task :expo-image-loader:packageDebugResources UP-TO-DATE
> Task :expo-image-picker:generateDebugResValues UP-TO-DATE
> Task :expo-image-picker:generateDebugResources UP-TO-DATE
> Task :expo-image-picker:packageDebugResources UP-TO-DATE
> Task :expo-json-utils:generateDebugResValues UP-TO-DATE
> Task :expo-json-utils:generateDebugResources UP-TO-DATE
> Task :expo-json-utils:packageDebugResources UP-TO-DATE
> Task :expo-manifests:generateDebugResValues UP-TO-DATE
> Task :expo-manifests:generateDebugResources UP-TO-DATE
> Task :expo-manifests:packageDebugResources UP-TO-DATE
> Task :expo-modules-core:generateDebugResValues UP-TO-DATE
> Task :expo-modules-core:generateDebugResources UP-TO-DATE
> Task :expo-modules-core:packageDebugResources UP-TO-DATE
> Task :expo-sqlite:generateDebugResValues UP-TO-DATE
> Task :expo-sqlite:generateDebugResources UP-TO-DATE
> Task :expo-sqlite:packageDebugResources UP-TO-DATE
> Task :expo-updates-interface:generateDebugResValues UP-TO-DATE
> Task :expo-updates-interface:generateDebugResources UP-TO-DATE
> Task :expo-updates-interface:packageDebugResources UP-TO-DATE
> Task :react-native-async-storage_async-storage:generateDebugResValues UP-TO-DATE
> Task :react-native-async-storage_async-storage:generateDebugResources UP-TO-DATE
> Task :react-native-async-storage_async-storage:packageDebugResources UP-TO-DATE
> Task :react-native-gesture-handler:generateDebugResValues UP-TO-DATE
> Task :react-native-gesture-handler:generateDebugResources UP-TO-DATE
> Task :react-native-gesture-handler:packageDebugResources UP-TO-DATE
> Task :react-native-iap:generateDebugResValues UP-TO-DATE
> Task :react-native-iap:generateDebugResources UP-TO-DATE
> Task :react-native-iap:packageDebugResources UP-TO-DATE
> Task :react-native-reanimated:generateDebugResValues UP-TO-DATE
> Task :react-native-reanimated:generateDebugResources UP-TO-DATE
> Task :react-native-reanimated:packageDebugResources UP-TO-DATE
> Task :react-native-safe-area-context:generateDebugResValues UP-TO-DATE
> Task :react-native-safe-area-context:generateDebugResources UP-TO-DATE
> Task :react-native-safe-area-context:packageDebugResources UP-TO-DATE
> Task :react-native-screens:generateDebugResValues UP-TO-DATE
> Task :react-native-screens:generateDebugResources UP-TO-DATE
> Task :react-native-screens:packageDebugResources UP-TO-DATE
> Task :react-native-svg:generateDebugResValues UP-TO-DATE
> Task :react-native-svg:generateDebugResources UP-TO-DATE
> Task :react-native-svg:packageDebugResources UP-TO-DATE
> Task :app:mapDebugSourceSetPaths UP-TO-DATE
> Task :app:generateDebugResources UP-TO-DATE
> Task :app:mergeDebugResources UP-TO-DATE
> Task :app:packageDebugResources UP-TO-DATE
> Task :app:parseDebugLocalResources UP-TO-DATE
> Task :app:createDebugCompatibleScreenManifests UP-TO-DATE
> Task :app:extractDeepLinksDebug UP-TO-DATE
> Task :expo:extractDeepLinksDebug UP-TO-DATE
> Task :expo:processDebugManifest UP-TO-DATE
> Task :expo-asset:extractDeepLinksDebug UP-TO-DATE
> Task :expo-asset:processDebugManifest UP-TO-DATE
> Task :expo-constants:extractDeepLinksDebug UP-TO-DATE
> Task :expo-constants:processDebugManifest UP-TO-DATE
> Task :expo-contacts:extractDeepLinksDebug UP-TO-DATE
> Task :expo-contacts:processDebugManifest UP-TO-DATE
> Task :expo-dev-client:extractDeepLinksDebug UP-TO-DATE
> Task :expo-dev-client:processDebugManifest UP-TO-DATE
> Task :expo-dev-launcher:extractDeepLinksDebug UP-TO-DATE
> Task :expo-dev-launcher:processDebugManifest UP-TO-DATE
> Task :expo-dev-menu:extractDeepLinksDebug UP-TO-DATE
> Task :expo-dev-menu:processDebugManifest UP-TO-DATE
> Task :expo-dev-menu-interface:extractDeepLinksDebug UP-TO-DATE
> Task :expo-dev-menu-interface:processDebugManifest UP-TO-DATE
> Task :expo-file-system:extractDeepLinksDebug UP-TO-DATE
> Task :expo-file-system:processDebugManifest UP-TO-DATE
> Task :expo-font:extractDeepLinksDebug UP-TO-DATE
> Task :expo-font:processDebugManifest UP-TO-DATE
> Task :expo-image-loader:extractDeepLinksDebug UP-TO-DATE
> Task :expo-image-loader:processDebugManifest UP-TO-DATE
> Task :expo-image-picker:extractDeepLinksDebug UP-TO-DATE
> Task :expo-image-picker:processDebugManifest UP-TO-DATE
> Task :expo-json-utils:extractDeepLinksDebug UP-TO-DATE
> Task :expo-json-utils:processDebugManifest UP-TO-DATE
> Task :expo-manifests:extractDeepLinksDebug UP-TO-DATE
> Task :expo-manifests:processDebugManifest UP-TO-DATE
> Task :expo-modules-core:extractDeepLinksDebug UP-TO-DATE
> Task :expo-modules-core:processDebugManifest UP-TO-DATE
> Task :expo-sqlite:extractDeepLinksDebug UP-TO-DATE
> Task :expo-sqlite:processDebugManifest UP-TO-DATE
> Task :expo-updates-interface:extractDeepLinksDebug UP-TO-DATE
> Task :expo-updates-interface:processDebugManifest UP-TO-DATE
> Task :react-native-async-storage_async-storage:extractDeepLinksDebug UP-TO-DATE
> Task :react-native-async-storage_async-storage:processDebugManifest UP-TO-DATE
> Task :react-native-gesture-handler:extractDeepLinksDebug UP-TO-DATE
> Task :react-native-gesture-handler:processDebugManifest UP-TO-DATE
> Task :react-native-iap:extractDeepLinksDebug UP-TO-DATE
> Task :react-native-iap:processDebugManifest UP-TO-DATE
> Task :react-native-reanimated:extractDeepLinksDebug UP-TO-DATE
> Task :react-native-reanimated:processDebugManifest UP-TO-DATE
> Task :react-native-safe-area-context:extractDeepLinksDebug UP-TO-DATE
> Task :react-native-safe-area-context:processDebugManifest UP-TO-DATE
> Task :react-native-screens:extractDeepLinksDebug UP-TO-DATE
> Task :react-native-screens:processDebugManifest UP-TO-DATE
> Task :react-native-svg:extractDeepLinksDebug UP-TO-DATE
> Task :react-native-svg:processDebugManifest UP-TO-DATE
> Task :app:processDebugMainManifest UP-TO-DATE
> Task :app:processDebugManifest UP-TO-DATE
> Task :app:processDebugManifestForPackage UP-TO-DATE
> Task :expo:compileDebugLibraryResources UP-TO-DATE
> Task :expo:parseDebugLocalResources UP-TO-DATE
> Task :expo:generateDebugRFile UP-TO-DATE
> Task :expo-asset:compileDebugLibraryResources UP-TO-DATE
> Task :expo-asset:parseDebugLocalResources UP-TO-DATE
> Task :expo-asset:generateDebugRFile UP-TO-DATE
> Task :expo-constants:compileDebugLibraryResources UP-TO-DATE
> Task :expo-constants:parseDebugLocalResources UP-TO-DATE
> Task :expo-constants:generateDebugRFile UP-TO-DATE
> Task :expo-contacts:compileDebugLibraryResources UP-TO-DATE
> Task :expo-contacts:parseDebugLocalResources UP-TO-DATE
> Task :expo-contacts:generateDebugRFile UP-TO-DATE
> Task :expo-dev-client:compileDebugLibraryResources UP-TO-DATE
> Task :expo-dev-client:parseDebugLocalResources UP-TO-DATE
> Task :expo-dev-client:generateDebugRFile UP-TO-DATE
> Task :expo-dev-launcher:compileDebugLibraryResources UP-TO-DATE
> Task :expo-dev-launcher:parseDebugLocalResources UP-TO-DATE
> Task :expo-dev-launcher:generateDebugRFile UP-TO-DATE
> Task :expo-dev-menu:compileDebugLibraryResources UP-TO-DATE
> Task :expo-dev-menu:parseDebugLocalResources UP-TO-DATE
> Task :expo-dev-menu:generateDebugRFile UP-TO-DATE
> Task :expo-dev-menu-interface:compileDebugLibraryResources UP-TO-DATE
> Task :expo-dev-menu-interface:parseDebugLocalResources UP-TO-DATE
> Task :expo-dev-menu-interface:generateDebugRFile UP-TO-DATE
> Task :expo-file-system:compileDebugLibraryResources UP-TO-DATE
> Task :expo-file-system:parseDebugLocalResources UP-TO-DATE
> Task :expo-file-system:generateDebugRFile UP-TO-DATE
> Task :expo-font:compileDebugLibraryResources UP-TO-DATE
> Task :expo-font:parseDebugLocalResources UP-TO-DATE
> Task :expo-font:generateDebugRFile UP-TO-DATE
> Task :expo-image-loader:compileDebugLibraryResources UP-TO-DATE
> Task :expo-image-loader:parseDebugLocalResources UP-TO-DATE
> Task :expo-image-loader:generateDebugRFile UP-TO-DATE
> Task :expo-image-picker:compileDebugLibraryResources UP-TO-DATE
> Task :expo-image-picker:parseDebugLocalResources UP-TO-DATE
> Task :expo-image-picker:generateDebugRFile UP-TO-DATE
> Task :expo-json-utils:compileDebugLibraryResources UP-TO-DATE
> Task :expo-json-utils:parseDebugLocalResources UP-TO-DATE
> Task :expo-json-utils:generateDebugRFile UP-TO-DATE
> Task :expo-manifests:compileDebugLibraryResources UP-TO-DATE
> Task :expo-manifests:parseDebugLocalResources UP-TO-DATE
> Task :expo-manifests:generateDebugRFile UP-TO-DATE
> Task :expo-modules-core:compileDebugLibraryResources UP-TO-DATE
> Task :expo-modules-core:parseDebugLocalResources UP-TO-DATE
> Task :expo-modules-core:generateDebugRFile UP-TO-DATE
> Task :expo-sqlite:compileDebugLibraryResources UP-TO-DATE
> Task :expo-sqlite:parseDebugLocalResources UP-TO-DATE
> Task :expo-sqlite:generateDebugRFile UP-TO-DATE
> Task :expo-updates-interface:compileDebugLibraryResources UP-TO-DATE
> Task :expo-updates-interface:parseDebugLocalResources UP-TO-DATE
> Task :expo-updates-interface:generateDebugRFile UP-TO-DATE
> Task :react-native-async-storage_async-storage:compileDebugLibraryResources UP-TO-DATE
> Task :react-native-async-storage_async-storage:parseDebugLocalResources UP-TO-DATE
> Task :react-native-async-storage_async-storage:generateDebugRFile UP-TO-DATE
> Task :react-native-gesture-handler:compileDebugLibraryResources UP-TO-DATE
> Task :react-native-gesture-handler:parseDebugLocalResources UP-TO-DATE
> Task :react-native-gesture-handler:generateDebugRFile UP-TO-DATE
> Task :react-native-iap:compileDebugLibraryResources UP-TO-DATE
> Task :react-native-iap:parseDebugLocalResources UP-TO-DATE
> Task :react-native-iap:generateDebugRFile UP-TO-DATE
> Task :react-native-reanimated:compileDebugLibraryResources UP-TO-DATE
> Task :react-native-reanimated:parseDebugLocalResources UP-TO-DATE
> Task :react-native-reanimated:generateDebugRFile UP-TO-DATE
> Task :react-native-safe-area-context:compileDebugLibraryResources UP-TO-DATE
> Task :react-native-safe-area-context:parseDebugLocalResources UP-TO-DATE
> Task :react-native-safe-area-context:generateDebugRFile UP-TO-DATE
> Task :react-native-screens:compileDebugLibraryResources UP-TO-DATE
> Task :react-native-screens:parseDebugLocalResources UP-TO-DATE
> Task :react-native-screens:generateDebugRFile UP-TO-DATE
> Task :react-native-svg:compileDebugLibraryResources UP-TO-DATE
> Task :react-native-svg:parseDebugLocalResources UP-TO-DATE
> Task :react-native-svg:generateDebugRFile UP-TO-DATE
> Task :app:processDebugResources UP-TO-DATE
> Task :expo:checkKotlinGradlePluginConfigurationErrors
> Task :expo:generateDebugBuildConfig UP-TO-DATE
> Task :expo-asset:checkKotlinGradlePluginConfigurationErrors
> Task :expo-asset:generateDebugBuildConfig UP-TO-DATE
> Task :expo-modules-core:checkKotlinGradlePluginConfigurationErrors
> Task :expo-modules-core:generateDebugBuildConfig UP-TO-DATE
> Task :expo-modules-core:compileDebugKotlin UP-TO-DATE
> Task :expo-modules-core:javaPreCompileDebug UP-TO-DATE
> Task :expo-modules-core:compileDebugJavaWithJavac
> Task :expo-asset:javaPreCompileDebug UP-TO-DATE
> Task :expo-constants:checkKotlinGradlePluginConfigurationErrors
> Task :expo-constants:generateDebugBuildConfig UP-TO-DATE
> Task :expo-constants:javaPreCompileDebug UP-TO-DATE
> Task :expo-contacts:checkKotlinGradlePluginConfigurationErrors
> Task :expo-contacts:generateDebugBuildConfig UP-TO-DATE
> Task :expo-contacts:javaPreCompileDebug UP-TO-DATE
> Task :expo-dev-client:checkKotlinGradlePluginConfigurationErrors
> Task :expo-dev-client:dataBindingMergeDependencyArtifactsDebug UP-TO-DATE
> Task :expo-dev-client:dataBindingGenBaseClassesDebug UP-TO-DATE
> Task :expo-dev-client:generateDebugBuildConfig UP-TO-DATE
> Task :expo-dev-client:javaPreCompileDebug UP-TO-DATE
> Task :expo-dev-launcher:checkKotlinGradlePluginConfigurationErrors
> Task :expo-dev-launcher:dataBindingMergeDependencyArtifactsDebug UP-TO-DATE
> Task :expo-dev-launcher:dataBindingGenBaseClassesDebug UP-TO-DATE
> Task :expo-dev-launcher:generateDebugBuildConfig UP-TO-DATE
> Task :expo-dev-menu:checkKotlinGradlePluginConfigurationErrors
> Task :expo-dev-menu:generateDebugBuildConfig UP-TO-DATE
> Task :expo-dev-menu-interface:checkKotlinGradlePluginConfigurationErrors
> Task :expo-dev-menu-interface:generateDebugBuildConfig UP-TO-DATE
> Task :expo-dev-menu-interface:javaPreCompileDebug UP-TO-DATE
> Task :expo-json-utils:checkKotlinGradlePluginConfigurationErrors
> Task :expo-json-utils:generateDebugBuildConfig UP-TO-DATE
> Task :expo-json-utils:javaPreCompileDebug UP-TO-DATE
> Task :expo-manifests:checkKotlinGradlePluginConfigurationErrors
> Task :expo-manifests:generateDebugBuildConfig UP-TO-DATE
> Task :expo-manifests:javaPreCompileDebug UP-TO-DATE
> Task :expo-dev-menu:javaPreCompileDebug UP-TO-DATE
> Task :expo-updates-interface:checkKotlinGradlePluginConfigurationErrors
> Task :expo-updates-interface:generateDebugBuildConfig UP-TO-DATE
> Task :expo-updates-interface:javaPreCompileDebug UP-TO-DATE
> Task :expo-dev-launcher:javaPreCompileDebug UP-TO-DATE
> Task :expo-file-system:checkKotlinGradlePluginConfigurationErrors
> Task :expo-file-system:generateDebugBuildConfig UP-TO-DATE
> Task :expo-file-system:javaPreCompileDebug UP-TO-DATE
> Task :expo-font:checkKotlinGradlePluginConfigurationErrors
> Task :expo-font:generateDebugBuildConfig UP-TO-DATE
> Task :expo-font:javaPreCompileDebug UP-TO-DATE
> Task :expo-image-loader:checkKotlinGradlePluginConfigurationErrors
> Task :expo-image-loader:generateDebugBuildConfig UP-TO-DATE
> Task :expo-image-loader:javaPreCompileDebug UP-TO-DATE
> Task :expo-image-picker:checkKotlinGradlePluginConfigurationErrors
> Task :expo-image-picker:generateDebugBuildConfig UP-TO-DATE
> Task :expo-image-picker:javaPreCompileDebug UP-TO-DATE
> Task :expo-sqlite:checkKotlinGradlePluginConfigurationErrors
> Task :expo-sqlite:generateDebugBuildConfig UP-TO-DATE
> Task :expo-sqlite:javaPreCompileDebug UP-TO-DATE
> Task :expo:javaPreCompileDebug UP-TO-DATE
> Task :react-native-async-storage_async-storage:generateDebugBuildConfig UP-TO-DATE
> Task :react-native-async-storage_async-storage:javaPreCompileDebug UP-TO-DATE
> Task :react-native-async-storage_async-storage:compileDebugJavaWithJavac UP-TO-DATE
> Task :react-native-async-storage_async-storage:bundleLibCompileToJarDebug UP-TO-DATE
> Task :react-native-gesture-handler:checkKotlinGradlePluginConfigurationErrors
> Task :react-native-gesture-handler:generateDebugBuildConfig UP-TO-DATE
> Task :react-native-reanimated:generateDebugBuildConfig UP-TO-DATE
> Task :react-native-reanimated:javaPreCompileDebug UP-TO-DATE
> Task :react-native-reanimated:packageNdkLibs NO-SOURCE
> Task :expo-modules-core:bundleLibCompileToJarDebug
> Task :react-native-reanimated:compileDebugJavaWithJavac UP-TO-DATE
> Task :expo-dev-client:compileDebugKotlin NO-SOURCE
> Task :expo-dev-client:compileDebugJavaWithJavac
> Task :expo-dev-client:bundleLibCompileToJarDebug
> Task :expo-updates-interface:compileDebugKotlin
> Task :expo-json-utils:compileDebugKotlin
> Task :expo-updates-interface:compileDebugJavaWithJavac
> Task :expo-json-utils:compileDebugJavaWithJavac
> Task :expo-json-utils:bundleLibCompileToJarDebug
> Task :expo-updates-interface:bundleLibCompileToJarDebug
> Task :expo-constants:compileDebugKotlin
> Task :expo-constants:compileDebugJavaWithJavac
> Task :expo-constants:bundleLibCompileToJarDebug
> Task :react-native-reanimated:bundleLibCompileToJarDebug UP-TO-DATE
> Task :react-native-gesture-handler:compileDebugKotlin UP-TO-DATE
> Task :react-native-gesture-handler:javaPreCompileDebug UP-TO-DATE
> Task :expo-font:compileDebugKotlin
> Task :expo-asset:compileDebugKotlin

> Task :react-native-gesture-handler:compileDebugJavaWithJavac

> Task :expo-dev-menu-interface:compileDebugKotlin
> Task :expo-asset:compileDebugJavaWithJavac
> Task :expo-asset:bundleLibCompileToJarDebug
> Task :expo-image-loader:compileDebugKotlin
> Task :expo-dev-menu-interface:compileDebugJavaWithJavac
> Task :expo-dev-menu-interface:bundleLibCompileToJarDebug
> Task :expo-font:compileDebugJavaWithJavac
> Task :expo-font:bundleLibCompileToJarDebug
> Task :expo-image-loader:compileDebugJavaWithJavac
> Task :expo-image-loader:bundleLibCompileToJarDebug
> Task :react-native-iap:checkKotlinGradlePluginConfigurationErrors
> Task :react-native-iap:generateDebugBuildConfig UP-TO-DATE
> Task :react-native-gesture-handler:bundleLibCompileToJarDebug
> Task :react-native-iap:javaPreCompileDebug UP-TO-DATE
> Task :react-native-safe-area-context:checkKotlinGradlePluginConfigurationErrors
> Task :react-native-safe-area-context:generateDebugBuildConfig UP-TO-DATE

> Task :expo-manifests:compileDebugKotlin
w: file:///Users/matthiasnowack/Projekte/SwapMyContact/node_modules/expo-manifests/android/src/main/java/expo/modules/manifests/core/EmbeddedManifest.kt:19:16 This declaration overrides deprecated member but not marked as deprecated itself. Please add @Deprecated annotation or suppress. See https://youtrack.jetbrains.com/issue/KT-47902 for details
w: file:///Users/matthiasnowack/Projekte/SwapMyContact/node_modules/expo-manifests/android/src/main/java/expo/modules/manifests/core/EmbeddedManifest.kt:19:86 'getLegacyID(): String' is deprecated. Prefer scopeKey or projectId depending on use case
w: file:///Users/matthiasnowack/Projekte/SwapMyContact/node_modules/expo-manifests/android/src/main/java/expo/modules/manifests/core/ExpoUpdatesManifest.kt:16:16 This declaration overrides deprecated member but not marked as deprecated itself. Please add @Deprecated annotation or suppress. See https://youtrack.jetbrains.com/issue/KT-47902 for details
w: file:///Users/matthiasnowack/Projekte/SwapMyContact/node_modules/expo-manifests/android/src/main/java/expo/modules/manifests/core/Manifest.kt:15:12 'getRawJson(): JSONObject' is deprecated. Prefer to use specific field getters

> Task :react-native-safe-area-context:compileDebugKotlin UP-TO-DATE
> Task :expo-manifests:compileDebugJavaWithJavac
> Task :react-native-safe-area-context:javaPreCompileDebug UP-TO-DATE
> Task :expo-manifests:bundleLibCompileToJarDebug

> Task :react-native-safe-area-context:compileDebugJavaWithJavac

> Task :react-native-screens:checkKotlinGradlePluginConfigurationErrors
> Task :react-native-screens:generateDebugBuildConfig UP-TO-DATE
> Task :react-native-safe-area-context:bundleLibCompileToJarDebug
> Task :react-native-screens:compileDebugKotlin UP-TO-DATE
> Task :react-native-screens:javaPreCompileDebug UP-TO-DATE

> Task :react-native-screens:compileDebugJavaWithJavac

> Task :react-native-svg:generateDebugBuildConfig UP-TO-DATE
> Task :react-native-svg:javaPreCompileDebug UP-TO-DATE
> Task :react-native-screens:bundleLibCompileToJarDebug
> Task :react-native-svg:compileDebugJavaWithJavac UP-TO-DATE
> Task :react-native-svg:bundleLibCompileToJarDebug UP-TO-DATE
> Task :app:javaPreCompileDebug UP-TO-DATE
> Task :app:mergeDebugShaders UP-TO-DATE
> Task :app:compileDebugShaders NO-SOURCE
> Task :app:generateDebugAssets UP-TO-DATE
> Task :expo:mergeDebugShaders UP-TO-DATE
> Task :expo:compileDebugShaders NO-SOURCE
> Task :expo:generateDebugAssets UP-TO-DATE
> Task :expo:packageDebugAssets UP-TO-DATE
> Task :expo-asset:mergeDebugShaders UP-TO-DATE
> Task :expo-asset:compileDebugShaders NO-SOURCE
> Task :expo-asset:generateDebugAssets UP-TO-DATE
> Task :expo-asset:packageDebugAssets UP-TO-DATE
> Task :expo-constants:mergeDebugShaders UP-TO-DATE
> Task :expo-constants:compileDebugShaders NO-SOURCE
> Task :expo-constants:generateDebugAssets UP-TO-DATE
> Task :expo-constants:packageDebugAssets UP-TO-DATE
> Task :expo-contacts:mergeDebugShaders UP-TO-DATE
> Task :expo-contacts:compileDebugShaders NO-SOURCE
> Task :expo-contacts:generateDebugAssets UP-TO-DATE
> Task :expo-contacts:packageDebugAssets UP-TO-DATE
> Task :expo-dev-client:mergeDebugShaders UP-TO-DATE
> Task :expo-dev-client:compileDebugShaders NO-SOURCE
> Task :expo-dev-client:generateDebugAssets UP-TO-DATE
> Task :expo-dev-client:packageDebugAssets UP-TO-DATE
> Task :expo-dev-launcher:mergeDebugShaders UP-TO-DATE
> Task :expo-dev-launcher:compileDebugShaders NO-SOURCE
> Task :expo-dev-launcher:generateDebugAssets UP-TO-DATE
> Task :expo-dev-launcher:packageDebugAssets UP-TO-DATE
> Task :expo-dev-menu:mergeDebugShaders UP-TO-DATE
> Task :expo-dev-menu:compileDebugShaders NO-SOURCE
> Task :expo-dev-menu:clenupAssets UP-TO-DATE
> Task :expo-dev-menu:copyAssets UP-TO-DATE
> Task :expo-dev-menu:generateDebugAssets UP-TO-DATE
> Task :expo-dev-menu:packageDebugAssets UP-TO-DATE
> Task :expo-dev-menu-interface:mergeDebugShaders UP-TO-DATE
> Task :expo-dev-menu-interface:compileDebugShaders NO-SOURCE
> Task :expo-dev-menu-interface:generateDebugAssets UP-TO-DATE
> Task :expo-dev-menu-interface:packageDebugAssets UP-TO-DATE
> Task :expo-file-system:mergeDebugShaders UP-TO-DATE
> Task :expo-file-system:compileDebugShaders NO-SOURCE
> Task :expo-file-system:generateDebugAssets UP-TO-DATE
> Task :expo-file-system:packageDebugAssets UP-TO-DATE
> Task :expo-font:mergeDebugShaders UP-TO-DATE
> Task :expo-font:compileDebugShaders NO-SOURCE
> Task :expo-font:generateDebugAssets UP-TO-DATE
> Task :expo-font:packageDebugAssets UP-TO-DATE
> Task :expo-image-loader:mergeDebugShaders UP-TO-DATE
> Task :expo-image-loader:compileDebugShaders NO-SOURCE
> Task :expo-image-loader:generateDebugAssets UP-TO-DATE
> Task :expo-image-loader:packageDebugAssets UP-TO-DATE
> Task :expo-image-picker:mergeDebugShaders UP-TO-DATE
> Task :expo-image-picker:compileDebugShaders NO-SOURCE
> Task :expo-image-picker:generateDebugAssets UP-TO-DATE
> Task :expo-image-picker:packageDebugAssets UP-TO-DATE
> Task :expo-json-utils:mergeDebugShaders UP-TO-DATE
> Task :expo-json-utils:compileDebugShaders NO-SOURCE
> Task :expo-json-utils:generateDebugAssets UP-TO-DATE
> Task :expo-json-utils:packageDebugAssets UP-TO-DATE
> Task :expo-manifests:mergeDebugShaders UP-TO-DATE
> Task :expo-manifests:compileDebugShaders NO-SOURCE
> Task :expo-manifests:generateDebugAssets UP-TO-DATE
> Task :expo-manifests:packageDebugAssets UP-TO-DATE
> Task :expo-modules-core:mergeDebugShaders UP-TO-DATE
> Task :expo-modules-core:compileDebugShaders NO-SOURCE
> Task :expo-modules-core:generateDebugAssets UP-TO-DATE
> Task :expo-modules-core:packageDebugAssets UP-TO-DATE
> Task :expo-sqlite:mergeDebugShaders UP-TO-DATE
> Task :expo-sqlite:compileDebugShaders NO-SOURCE
> Task :expo-sqlite:generateDebugAssets UP-TO-DATE
> Task :expo-sqlite:packageDebugAssets UP-TO-DATE
> Task :expo-updates-interface:mergeDebugShaders UP-TO-DATE
> Task :expo-updates-interface:compileDebugShaders NO-SOURCE
> Task :expo-updates-interface:generateDebugAssets UP-TO-DATE
> Task :expo-updates-interface:packageDebugAssets UP-TO-DATE
> Task :react-native-async-storage_async-storage:mergeDebugShaders UP-TO-DATE
> Task :react-native-async-storage_async-storage:compileDebugShaders NO-SOURCE
> Task :react-native-async-storage_async-storage:generateDebugAssets UP-TO-DATE
> Task :react-native-async-storage_async-storage:packageDebugAssets UP-TO-DATE
> Task :react-native-gesture-handler:mergeDebugShaders UP-TO-DATE
> Task :react-native-gesture-handler:compileDebugShaders NO-SOURCE
> Task :react-native-gesture-handler:generateDebugAssets UP-TO-DATE
> Task :react-native-gesture-handler:packageDebugAssets UP-TO-DATE
> Task :react-native-iap:mergeDebugShaders UP-TO-DATE
> Task :react-native-iap:compileDebugShaders NO-SOURCE
> Task :react-native-iap:generateDebugAssets UP-TO-DATE
> Task :react-native-iap:packageDebugAssets UP-TO-DATE
> Task :react-native-reanimated:mergeDebugShaders UP-TO-DATE
> Task :react-native-reanimated:compileDebugShaders NO-SOURCE
> Task :react-native-reanimated:generateDebugAssets UP-TO-DATE
> Task :react-native-reanimated:packageDebugAssets UP-TO-DATE
> Task :react-native-safe-area-context:mergeDebugShaders UP-TO-DATE
> Task :react-native-safe-area-context:compileDebugShaders NO-SOURCE
> Task :react-native-safe-area-context:generateDebugAssets UP-TO-DATE
> Task :react-native-safe-area-context:packageDebugAssets UP-TO-DATE
> Task :react-native-screens:mergeDebugShaders UP-TO-DATE
> Task :react-native-screens:compileDebugShaders NO-SOURCE
> Task :react-native-screens:generateDebugAssets UP-TO-DATE
> Task :react-native-screens:packageDebugAssets UP-TO-DATE
> Task :react-native-svg:mergeDebugShaders UP-TO-DATE
> Task :react-native-svg:compileDebugShaders NO-SOURCE
> Task :react-native-svg:generateDebugAssets UP-TO-DATE
> Task :react-native-svg:packageDebugAssets UP-TO-DATE
> Task :app:mergeDebugAssets UP-TO-DATE
> Task :app:compressDebugAssets UP-TO-DATE
> Task :expo-asset:bundleLibRuntimeToJarDebug
> Task :expo-constants:bundleLibRuntimeToJarDebug
> Task :expo-dev-client:bundleLibRuntimeToJarDebug
> Task :expo-dev-menu-interface:bundleLibRuntimeToJarDebug
> Task :expo-font:bundleLibRuntimeToJarDebug
> Task :expo-image-loader:bundleLibRuntimeToJarDebug
> Task :expo-json-utils:bundleLibRuntimeToJarDebug
> Task :expo-manifests:bundleLibRuntimeToJarDebug
> Task :expo-updates-interface:bundleLibRuntimeToJarDebug
> Task :react-native-reanimated:bundleLibRuntimeToJarDebug UP-TO-DATE
> Task :react-native-safe-area-context:bundleLibRuntimeToJarDebug
> Task :react-native-gesture-handler:bundleLibRuntimeToJarDebug
> Task :react-native-screens:bundleLibRuntimeToJarDebug

> Task :expo-sqlite:compileDebugKotlin
w: file:///Users/matthiasnowack/Projekte/SwapMyContact/node_modules/expo-sqlite/android/src/main/java/expo/modules/sqlite/NativeDatabase.kt:20:16 This declaration overrides deprecated member but not marked as deprecated itself. Please add @Deprecated annotation or suppress. See https://youtrack.jetbrains.com/issue/KT-47902 for details
w: file:///Users/matthiasnowack/Projekte/SwapMyContact/node_modules/expo-sqlite/android/src/main/java/expo/modules/sqlite/NativeDatabase.kt:21:11 'deallocate(): Unit' is deprecated. Use sharedObjectDidRelease() instead.
w: file:///Users/matthiasnowack/Projekte/SwapMyContact/node_modules/expo-sqlite/android/src/main/java/expo/modules/sqlite/NativeStatement.kt:10:16 This declaration overrides deprecated member but not marked as deprecated itself. Please add @Deprecated annotation or suppress. See https://youtrack.jetbrains.com/issue/KT-47902 for details
w: file:///Users/matthiasnowack/Projekte/SwapMyContact/node_modules/expo-sqlite/android/src/main/java/expo/modules/sqlite/NativeStatement.kt:11:11 'deallocate(): Unit' is deprecated. Use sharedObjectDidRelease() instead.

> Task :expo-modules-core:bundleLibRuntimeToJarDebug

> Task :expo-image-picker:compileDebugKotlin
w: file:///Users/matthiasnowack/Projekte/SwapMyContact/node_modules/expo-image-picker/android/src/main/java/expo/modules/imagepicker/ImagePickerConstants.kt:123:23 'TAG_ISO_SPEED_RATINGS: String' is deprecated. Deprecated in Java

> Task :expo-sqlite:compileDebugJavaWithJavac
> Task :expo-sqlite:bundleLibCompileToJarDebug
> Task :expo-sqlite:bundleLibRuntimeToJarDebug

> Task :expo-contacts:compileDebugKotlin
w: file:///Users/matthiasnowack/Projekte/SwapMyContact/node_modules/expo-contacts/android/src/main/java/expo/modules/contacts/Contact.kt:125:23 'Im' is deprecated. Deprecated in Java
w: file:///Users/matthiasnowack/Projekte/SwapMyContact/node_modules/expo-contacts/android/src/main/java/expo/modules/contacts/Contact.kt:125:26 'CONTENT_ITEM_TYPE: String' is deprecated. Deprecated in Java
w: file:///Users/matthiasnowack/Projekte/SwapMyContact/node_modules/expo-contacts/android/src/main/java/expo/modules/contacts/Contact.kt:319:23 'Im' is deprecated. Deprecated in Java
w: file:///Users/matthiasnowack/Projekte/SwapMyContact/node_modules/expo-contacts/android/src/main/java/expo/modules/contacts/Contact.kt:319:26 'CONTENT_ITEM_TYPE: String' is deprecated. Deprecated in Java
w: file:///Users/matthiasnowack/Projekte/SwapMyContact/node_modules/expo-contacts/android/src/main/java/expo/modules/contacts/ContactsModule.kt:407:22 Unchecked cast: Any to Map<String, Any>
w: file:///Users/matthiasnowack/Projekte/SwapMyContact/node_modules/expo-contacts/android/src/main/java/expo/modules/contacts/ContactsModule.kt:533:38 'Im' is deprecated. Deprecated in Java
w: file:///Users/matthiasnowack/Projekte/SwapMyContact/node_modules/expo-contacts/android/src/main/java/expo/modules/contacts/ContactsModule.kt:534:38 'Im' is deprecated. Deprecated in Java
w: file:///Users/matthiasnowack/Projekte/SwapMyContact/node_modules/expo-contacts/android/src/main/java/expo/modules/contacts/ContactsModule.kt:535:38 'Im' is deprecated. Deprecated in Java
w: file:///Users/matthiasnowack/Projekte/SwapMyContact/node_modules/expo-contacts/android/src/main/java/expo/modules/contacts/ContactsModule.kt:535:41 'PROTOCOL: String' is deprecated. Deprecated in Java
w: file:///Users/matthiasnowack/Projekte/SwapMyContact/node_modules/expo-contacts/android/src/main/java/expo/modules/contacts/ContactsModule.kt:536:38 'Im' is deprecated. Deprecated in Java
w: file:///Users/matthiasnowack/Projekte/SwapMyContact/node_modules/expo-contacts/android/src/main/java/expo/modules/contacts/ContactsModule.kt:538:41 'Im' is deprecated. Deprecated in Java
w: file:///Users/matthiasnowack/Projekte/SwapMyContact/node_modules/expo-contacts/android/src/main/java/expo/modules/contacts/ContactsModule.kt:538:44 'CONTENT_ITEM_TYPE: String' is deprecated. Deprecated in Java
w: file:///Users/matthiasnowack/Projekte/SwapMyContact/node_modules/expo-contacts/android/src/main/java/expo/modules/contacts/models/ImAddressModel.kt:8:54 'Im' is deprecated. Deprecated in Java
w: file:///Users/matthiasnowack/Projekte/SwapMyContact/node_modules/expo-contacts/android/src/main/java/expo/modules/contacts/models/ImAddressModel.kt:8:57 'CONTENT_ITEM_TYPE: String' is deprecated. Deprecated in Java
w: file:///Users/matthiasnowack/Projekte/SwapMyContact/node_modules/expo-contacts/android/src/main/java/expo/modules/contacts/models/ImAddressModel.kt:14:23 'Im' is deprecated. Deprecated in Java
w: file:///Users/matthiasnowack/Projekte/SwapMyContact/node_modules/expo-contacts/android/src/main/java/expo/modules/contacts/models/ImAddressModel.kt:14:26 'PROTOCOL_AIM: Int' is deprecated. Deprecated in Java
w: file:///Users/matthiasnowack/Projekte/SwapMyContact/node_modules/expo-contacts/android/src/main/java/expo/modules/contacts/models/ImAddressModel.kt:15:23 'Im' is deprecated. Deprecated in Java
w: file:///Users/matthiasnowack/Projekte/SwapMyContact/node_modules/expo-contacts/android/src/main/java/expo/modules/contacts/models/ImAddressModel.kt:15:26 'PROTOCOL_GOOGLE_TALK: Int' is deprecated. Deprecated in Java
w: file:///Users/matthiasnowack/Projekte/SwapMyContact/node_modules/expo-contacts/android/src/main/java/expo/modules/contacts/models/ImAddressModel.kt:16:23 'Im' is deprecated. Deprecated in Java
w: file:///Users/matthiasnowack/Projekte/SwapMyContact/node_modules/expo-contacts/android/src/main/java/expo/modules/contacts/models/ImAddressModel.kt:16:26 'PROTOCOL_ICQ: Int' is deprecated. Deprecated in Java
w: file:///Users/matthiasnowack/Projekte/SwapMyContact/node_modules/expo-contacts/android/src/main/java/expo/modules/contacts/models/ImAddressModel.kt:17:23 'Im' is deprecated. Deprecated in Java
w: file:///Users/matthiasnowack/Projekte/SwapMyContact/node_modules/expo-contacts/android/src/main/java/expo/modules/contacts/models/ImAddressModel.kt:17:26 'PROTOCOL_JABBER: Int' is deprecated. Deprecated in Java
w: file:///Users/matthiasnowack/Projekte/SwapMyContact/node_modules/expo-contacts/android/src/main/java/expo/modules/contacts/models/ImAddressModel.kt:18:23 'Im' is deprecated. Deprecated in Java
w: file:///Users/matthiasnowack/Projekte/SwapMyContact/node_modules/expo-contacts/android/src/main/java/expo/modules/contacts/models/ImAddressModel.kt:18:26 'PROTOCOL_MSN: Int' is deprecated. Deprecated in Java
w: file:///Users/matthiasnowack/Projekte/SwapMyContact/node_modules/expo-contacts/android/src/main/java/expo/modules/contacts/models/ImAddressModel.kt:19:23 'Im' is deprecated. Deprecated in Java
w: file:///Users/matthiasnowack/Projekte/SwapMyContact/node_modules/expo-contacts/android/src/main/java/expo/modules/contacts/models/ImAddressModel.kt:19:26 'PROTOCOL_NETMEETING: Int' is deprecated. Deprecated in Java
w: file:///Users/matthiasnowack/Projekte/SwapMyContact/node_modules/expo-contacts/android/src/main/java/expo/modules/contacts/models/ImAddressModel.kt:20:23 'Im' is deprecated. Deprecated in Java
w: file:///Users/matthiasnowack/Projekte/SwapMyContact/node_modules/expo-contacts/android/src/main/java/expo/modules/contacts/models/ImAddressModel.kt:20:26 'PROTOCOL_QQ: Int' is deprecated. Deprecated in Java
w: file:///Users/matthiasnowack/Projekte/SwapMyContact/node_modules/expo-contacts/android/src/main/java/expo/modules/contacts/models/ImAddressModel.kt:21:23 'Im' is deprecated. Deprecated in Java
w: file:///Users/matthiasnowack/Projekte/SwapMyContact/node_modules/expo-contacts/android/src/main/java/expo/modules/contacts/models/ImAddressModel.kt:21:26 'PROTOCOL_SKYPE: Int' is deprecated. Deprecated in Java
w: file:///Users/matthiasnowack/Projekte/SwapMyContact/node_modules/expo-contacts/android/src/main/java/expo/modules/contacts/models/ImAddressModel.kt:22:23 'Im' is deprecated. Deprecated in Java
w: file:///Users/matthiasnowack/Projekte/SwapMyContact/node_modules/expo-contacts/android/src/main/java/expo/modules/contacts/models/ImAddressModel.kt:22:26 'PROTOCOL_YAHOO: Int' is deprecated. Deprecated in Java
w: file:///Users/matthiasnowack/Projekte/SwapMyContact/node_modules/expo-contacts/android/src/main/java/expo/modules/contacts/models/ImAddressModel.kt:23:23 'Im' is deprecated. Deprecated in Java
w: file:///Users/matthiasnowack/Projekte/SwapMyContact/node_modules/expo-contacts/android/src/main/java/expo/modules/contacts/models/ImAddressModel.kt:23:26 'PROTOCOL_CUSTOM: Int' is deprecated. Deprecated in Java
w: file:///Users/matthiasnowack/Projekte/SwapMyContact/node_modules/expo-contacts/android/src/main/java/expo/modules/contacts/models/ImAddressModel.kt:30:106 'Im' is deprecated. Deprecated in Java
w: file:///Users/matthiasnowack/Projekte/SwapMyContact/node_modules/expo-contacts/android/src/main/java/expo/modules/contacts/models/ImAddressModel.kt:30:109 'PROTOCOL: String' is deprecated. Deprecated in Java
w: file:///Users/matthiasnowack/Projekte/SwapMyContact/node_modules/expo-contacts/android/src/main/java/expo/modules/contacts/models/ImAddressModel.kt:36:34 'Im' is deprecated. Deprecated in Java
w: file:///Users/matthiasnowack/Projekte/SwapMyContact/node_modules/expo-contacts/android/src/main/java/expo/modules/contacts/models/ImAddressModel.kt:36:37 'PROTOCOL: String' is deprecated. Deprecated in Java

> Task :react-native-async-storage_async-storage:bundleLibRuntimeToJarDebug UP-TO-DATE
> Task :react-native-svg:bundleLibRuntimeToJarDebug UP-TO-DATE
> Task :expo-image-picker:compileDebugJavaWithJavac
> Task :expo-contacts:compileDebugJavaWithJavac
> Task :expo-contacts:bundleLibCompileToJarDebug
> Task :expo-image-picker:bundleLibCompileToJarDebug
> Task :expo-contacts:bundleLibRuntimeToJarDebug
> Task :expo-image-picker:bundleLibRuntimeToJarDebug

> Task :react-native-iap:compileDebugKotlin

> Task :react-native-iap:compileDebugKotlin FAILED
> Task :expo-file-system:compileDebugKotlin

> Task :expo-dev-menu:compileDebugKotlin
w: file:///Users/matthiasnowack/Projekte/SwapMyContact/node_modules/expo-dev-menu/android/src/debug/java/expo/modules/devmenu/DevMenuManager.kt:18:38 'ReactFontManager' is deprecated. Deprecated in Java
w: file:///Users/matthiasnowack/Projekte/SwapMyContact/node_modules/expo-dev-menu/android/src/debug/java/expo/modules/devmenu/DevMenuManager.kt:205:7 'ReactFontManager' is deprecated. Deprecated in Java
w: file:///Users/matthiasnowack/Projekte/SwapMyContact/node_modules/expo-dev-menu/android/src/debug/java/expo/modules/devmenu/DevMenuManager.kt:429:43 The corresponding parameter in the supertype 'DevMenuManagerInterface' is named 'shouldAutoLaunch'. This may cause problems when calling this function with named arguments.
w: file:///Users/matthiasnowack/Projekte/SwapMyContact/node_modules/expo-dev-menu/android/src/main/java/com/facebook/react/devsupport/DevMenuSettingsBase.kt:6:27 'PreferenceManager' is deprecated. Deprecated in Java
w: file:///Users/matthiasnowack/Projekte/SwapMyContact/node_modules/expo-dev-menu/android/src/main/java/com/facebook/react/devsupport/DevMenuSettingsBase.kt:18:51 'PreferenceManager' is deprecated. Deprecated in Java
w: file:///Users/matthiasnowack/Projekte/SwapMyContact/node_modules/expo-dev-menu/android/src/main/java/com/facebook/react/devsupport/DevMenuSettingsBase.kt:18:69 'getDefaultSharedPreferences(Context!): SharedPreferences!' is deprecated. Deprecated in Java
w: file:///Users/matthiasnowack/Projekte/SwapMyContact/node_modules/expo-dev-menu/android/src/main/java/com/facebook/react/devsupport/DevMenuSettingsBase.kt:56:16 This declaration overrides deprecated member but not marked as deprecated itself. Please add @Deprecated annotation or suppress. See https://youtrack.jetbrains.com/issue/KT-47902 for details
w: file:///Users/matthiasnowack/Projekte/SwapMyContact/node_modules/expo-dev-menu/android/src/main/java/expo/modules/devmenu/fab/MovableFloatingActionButton.kt:173:17 'computeBounds(RectF, Boolean): Unit' is deprecated. Deprecated in Java
w: file:///Users/matthiasnowack/Projekte/SwapMyContact/node_modules/expo-dev-menu/android/src/main/java/expo/modules/devmenu/helpers/DevMenuOkHttpExtension.kt:58:19 'create(MediaType?, String): RequestBody' is deprecated. Moved to extension function. Put the 'content' argument first to fix Java
w: file:///Users/matthiasnowack/Projekte/SwapMyContact/node_modules/expo-dev-menu/android/src/main/java/expo/modules/devmenu/modules/DevMenuModule.kt:33:44 Elvis operator (?:) always returns the left operand of non-nullable type ReadableMap
w: file:///Users/matthiasnowack/Projekte/SwapMyContact/node_modules/expo-dev-menu/android/src/react-native-74/main/expo/modules/devmenu/react/DevMenuPackagerConnectionSettings.kt:16:9 Parameter 'host' is never used
w: file:///Users/matthiasnowack/Projekte/SwapMyContact/node_modules/expo-dev-menu/vendored/react-native-safe-area-context/android/devmenu/com/th3rdwave/safeareacontext/SafeAreaProviderManager.kt:5:34 'MapBuilder' is deprecated. Deprecated in Java
w: file:///Users/matthiasnowack/Projekte/SwapMyContact/node_modules/expo-dev-menu/vendored/react-native-safe-area-context/android/devmenu/com/th3rdwave/safeareacontext/SafeAreaProviderManager.kt:29:14 'MapBuilder' is deprecated. Deprecated in Java
456 actionable tasks: 89 executed, 367 up-to-date
